<?xml version="1.0" encoding="UTF-8"?>
<!-- Generated by org.testng.reporters.JUnitReportReporter -->
<testsuite hostname="LAPTOP-CPK9UGQT" failures="0" tests="4" name="qa.testcases.Login" time="13.179" errors="0" timestamp="2024-05-25T16:09:25 IST" skipped="0">
  <testcase classname="qa.testcases.Login" name="login" time="3.333"/>
  <testcase classname="qa.testcases.Login" name="login" time="3.297"/>
  <testcase classname="qa.testcases.Login" name="login" time="3.298"/>
  <testcase classname="qa.testcases.Login" name="loginwithInvalidCredentials" time="3.251"/>
</testsuite> <!-- qa.testcases.Login -->
