<?xml version="1.0" encoding="UTF-8"?>
<!-- Generated by org.testng.reporters.JUnitReportReporter -->
<testsuite hostname="LAPTOP-CPK9UGQT" failures="0" tests="2" name="qa.testcases.Search" time="6.018" errors="0" timestamp="2024-05-25T17:35:49 IST" skipped="0">
  <testcase classname="qa.testcases.Search" name="searchitem" time="2.691"/>
  <testcase classname="qa.testcases.Search" name="invalidSearchitem" time="3.327"/>
</testsuite> <!-- qa.testcases.Search -->
