<?xml version="1.0" encoding="UTF-8"?>
<!-- Generated by org.testng.reporters.JUnitReportReporter -->
<testsuite hostname="LAPTOP-CPK9UGQT" failures="0" tests="2" name="qa.testcases.SearchTest" time="8.730" errors="0" timestamp="2024-05-25T18:09:28 IST" skipped="0">
  <testcase classname="qa.testcases.SearchTest" name="searchitem" time="3.915"/>
  <testcase classname="qa.testcases.SearchTest" name="invalidSearchitem" time="4.815"/>
</testsuite> <!-- qa.testcases.SearchTest -->
