<?xml version="1.0" encoding="UTF-8"?>
<!-- Generated by org.testng.reporters.JUnitReportReporter -->
<testsuite hostname="LAPTOP-CPK9UGQT" failures="0" tests="4" name="qa.testcases.LoginTest" time="17.047" errors="0" timestamp="2024-05-25T18:09:28 IST" skipped="0">
  <testcase classname="qa.testcases.LoginTest" name="login" time="4.140"/>
  <testcase classname="qa.testcases.LoginTest" name="login" time="4.380"/>
  <testcase classname="qa.testcases.LoginTest" name="login" time="4.276"/>
  <testcase classname="qa.testcases.LoginTest" name="loginwithInvalidCredentials" time="4.251"/>
</testsuite> <!-- qa.testcases.LoginTest -->
